<?xml version="1.0" encoding="UTF-8"?>
<testsuite name="readinglist.ReadingListApplicationTests" tests="1" skipped="0" failures="0" errors="0" timestamp="2016-05-11T13:34:24" hostname="Pivotals-iMac-6.local" time="0.002">
  <properties/>
  <testcase name="contextLoads" classname="readinglist.ReadingListApplicationTests" time="0.002"/>
  <system-out><![CDATA[08:34:21.590 [Test worker] DEBUG org.springframework.test.context.junit4.SpringJUnit4ClassRunner - SpringJUnit4ClassRunner constructor called with [class readinglist.ReadingListApplicationTests]
08:34:21.593 [Test worker] DEBUG org.springframework.test.context.BootstrapUtils - Instantiating CacheAwareContextLoaderDelegate from class [org.springframework.test.context.cache.DefaultCacheAwareContextLoaderDelegate]
08:34:21.595 [Test worker] DEBUG org.springframework.test.context.BootstrapUtils - Instantiating BootstrapContext using constructor [public org.springframework.test.context.support.DefaultBootstrapContext(java.lang.Class,org.springframework.test.context.CacheAwareContextLoaderDelegate)]
08:34:21.602 [Test worker] DEBUG org.springframework.test.context.BootstrapUtils - Instantiating TestContextBootstrapper for test class [readinglist.ReadingListApplicationTests] from class [org.springframework.test.context.web.WebTestContextBootstrapper]
08:34:21.613 [Test worker] DEBUG org.springframework.test.context.web.WebTestContextBootstrapper - Found explicit ContextLoader class [org.springframework.boot.test.SpringApplicationContextLoader] for context configuration attributes [ContextConfigurationAttributes@27dcfbcd declaringClass = 'readinglist.ReadingListApplicationTests', classes = '{class readinglist.ReadingListApplication}', locations = '{}', inheritLocations = true, initializers = '{}', inheritInitializers = true, name = [null], contextLoaderClass = 'org.springframework.boot.test.SpringApplicationContextLoader']
08:34:21.617 [Test worker] DEBUG org.springframework.test.context.support.AbstractContextLoader - Did not detect default resource location for test class [readinglist.ReadingListApplicationTests]: class path resource [readinglist/ReadingListApplicationTests-context.xml] does not exist
08:34:21.617 [Test worker] DEBUG org.springframework.test.context.support.AbstractContextLoader - Did not detect default resource location for test class [readinglist.ReadingListApplicationTests]: class path resource [readinglist/ReadingListApplicationTestsContext.groovy] does not exist
08:34:21.617 [Test worker] INFO org.springframework.test.context.support.AbstractContextLoader - Could not detect default resource locations for test class [readinglist.ReadingListApplicationTests]: no resource found for suffixes {-context.xml, Context.groovy}.
08:34:21.618 [Test worker] DEBUG org.springframework.test.context.support.ActiveProfilesUtils - Could not find an 'annotation declaring class' for annotation type [org.springframework.test.context.ActiveProfiles] and class [readinglist.ReadingListApplicationTests]
08:34:21.620 [Test worker] DEBUG org.springframework.test.context.web.WebTestContextBootstrapper - @TestExecutionListeners is not present for class [readinglist.ReadingListApplicationTests]: using defaults.
08:34:21.624 [Test worker] INFO org.springframework.test.context.web.WebTestContextBootstrapper - Loaded default TestExecutionListener class names from location [META-INF/spring.factories]: [org.springframework.test.context.web.ServletTestExecutionListener, org.springframework.test.context.support.DirtiesContextBeforeModesTestExecutionListener, org.springframework.test.context.support.DependencyInjectionTestExecutionListener, org.springframework.test.context.support.DirtiesContextTestExecutionListener, org.springframework.test.context.transaction.TransactionalTestExecutionListener, org.springframework.test.context.jdbc.SqlScriptsTestExecutionListener]
08:34:21.634 [Test worker] INFO org.springframework.test.context.web.WebTestContextBootstrapper - Using TestExecutionListeners: [org.springframework.test.context.web.ServletTestExecutionListener@4d81e3c1, org.springframework.test.context.support.DirtiesContextBeforeModesTestExecutionListener@77243f27, org.springframework.test.context.support.DependencyInjectionTestExecutionListener@5e4b5380, org.springframework.test.context.support.DirtiesContextTestExecutionListener@469fdaa2, org.springframework.test.context.transaction.TransactionalTestExecutionListener@442a65b, org.springframework.test.context.jdbc.SqlScriptsTestExecutionListener@52497cf3]
08:34:21.636 [Test worker] DEBUG org.springframework.test.annotation.ProfileValueUtils - Retrieved @ProfileValueSourceConfiguration [null] for test class [readinglist.ReadingListApplicationTests]
08:34:21.636 [Test worker] DEBUG org.springframework.test.annotation.ProfileValueUtils - Retrieved ProfileValueSource type [class org.springframework.test.annotation.SystemProfileValueSource] for class [readinglist.ReadingListApplicationTests]
08:34:21.636 [Test worker] DEBUG org.springframework.test.annotation.ProfileValueUtils - Retrieved @ProfileValueSourceConfiguration [null] for test class [readinglist.ReadingListApplicationTests]
08:34:21.637 [Test worker] DEBUG org.springframework.test.annotation.ProfileValueUtils - Retrieved ProfileValueSource type [class org.springframework.test.annotation.SystemProfileValueSource] for class [readinglist.ReadingListApplicationTests]
08:34:21.638 [Test worker] DEBUG org.springframework.test.context.support.AbstractDirtiesContextTestExecutionListener - Before test class: context [DefaultTestContext@73939bf7 testClass = ReadingListApplicationTests, testInstance = [null], testMethod = [null], testException = [null], mergedContextConfiguration = [WebMergedContextConfiguration@72d57a1d testClass = ReadingListApplicationTests, locations = '{}', classes = '{class readinglist.ReadingListApplication}', contextInitializerClasses = '[]', activeProfiles = '{}', propertySourceLocations = '{}', propertySourceProperties = '{}', resourceBasePath = 'src/main/webapp', contextLoader = 'org.springframework.boot.test.SpringApplicationContextLoader', parent = [null]]], class annotated with @DirtiesContext [false] with mode [null].
08:34:21.639 [Test worker] DEBUG org.springframework.test.annotation.ProfileValueUtils - Retrieved @ProfileValueSourceConfiguration [null] for test class [readinglist.ReadingListApplicationTests]
08:34:21.639 [Test worker] DEBUG org.springframework.test.annotation.ProfileValueUtils - Retrieved ProfileValueSource type [class org.springframework.test.annotation.SystemProfileValueSource] for class [readinglist.ReadingListApplicationTests]
08:34:21.675 [Test worker] DEBUG org.springframework.core.env.StandardEnvironment - Adding [systemProperties] PropertySource with lowest search precedence
08:34:21.676 [Test worker] DEBUG org.springframework.core.env.StandardEnvironment - Adding [systemEnvironment] PropertySource with lowest search precedence
08:34:21.676 [Test worker] DEBUG org.springframework.core.env.StandardEnvironment - Initialized StandardEnvironment with PropertySources [systemProperties,systemEnvironment]
08:34:21.677 [Test worker] DEBUG org.springframework.core.env.StandardEnvironment - Adding [integrationTest] PropertySource with search precedence immediately lower than [systemEnvironment]

  .   ____          _            __ _ _
 /\\ / ___'_ __ _ _(_)_ __  __ _ \ \ \ \
( ( )\___ | '_ | '_| | '_ \/ _` | \ \ \ \
 \\/  ___)| |_)| | | | | || (_| |  ) ) ) )
  '  |____| .__|_| |_|_| |_\__, | / / / /
 =========|_|==============|___/=/_/_/_/
 :: Spring Boot ::        (v1.3.5.RELEASE)

2016-05-11 08:34:21.809  INFO 11199 --- [    Test worker] readinglist.ReadingListApplicationTests  : Starting ReadingListApplicationTests on Pivotals-iMac-6.local with PID 11199 (/Users/pivotal/Downloads/readinglist/build/classes/test started by pivotal in /Users/pivotal/Downloads/readinglist)
2016-05-11 08:34:21.810  INFO 11199 --- [    Test worker] readinglist.ReadingListApplicationTests  : No active profile set, falling back to default profiles: default
2016-05-11 08:34:21.961  INFO 11199 --- [    Test worker] o.s.w.c.s.GenericWebApplicationContext   : Refreshing org.springframework.web.context.support.GenericWebApplicationContext@7f4b64c0: startup date [Wed May 11 08:34:21 CDT 2016]; root of context hierarchy
2016-05-11 08:34:22.641  INFO 11199 --- [    Test worker] trationDelegate$BeanPostProcessorChecker : Bean 'org.springframework.transaction.annotation.ProxyTransactionManagementConfiguration' of type [class org.springframework.transaction.annotation.ProxyTransactionManagementConfiguration$$EnhancerBySpringCGLIB$$42999728] is not eligible for getting processed by all BeanPostProcessors (for example: not eligible for auto-proxying)
2016-05-11 08:34:22.948  INFO 11199 --- [    Test worker] j.LocalContainerEntityManagerFactoryBean : Building JPA container EntityManagerFactory for persistence unit 'default'
2016-05-11 08:34:22.964  INFO 11199 --- [    Test worker] o.hibernate.jpa.internal.util.LogHelper  : HHH000204: Processing PersistenceUnitInfo [
	name: default
	...]
2016-05-11 08:34:23.006  INFO 11199 --- [    Test worker] org.hibernate.Version                    : HHH000412: Hibernate Core {4.3.11.Final}
2016-05-11 08:34:23.007  INFO 11199 --- [    Test worker] org.hibernate.cfg.Environment            : HHH000206: hibernate.properties not found
2016-05-11 08:34:23.008  INFO 11199 --- [    Test worker] org.hibernate.cfg.Environment            : HHH000021: Bytecode provider name : javassist
2016-05-11 08:34:23.083  INFO 11199 --- [    Test worker] o.hibernate.annotations.common.Version   : HCANN000001: Hibernate Commons Annotations {4.0.5.Final}
2016-05-11 08:34:23.196  INFO 11199 --- [    Test worker] org.hibernate.dialect.Dialect            : HHH000400: Using dialect: org.hibernate.dialect.H2Dialect
2016-05-11 08:34:23.225  INFO 11199 --- [    Test worker] o.h.h.i.ast.ASTQueryTranslatorFactory    : HHH000397: Using ASTQueryTranslatorFactory
2016-05-11 08:34:23.280  INFO 11199 --- [    Test worker] org.hibernate.tool.hbm2ddl.SchemaExport  : HHH000227: Running hbm2ddl schema export
2016-05-11 08:34:23.281  INFO 11199 --- [    Test worker] org.hibernate.tool.hbm2ddl.SchemaExport  : HHH000230: Schema export complete
2016-05-11 08:34:23.592  INFO 11199 --- [    Test worker] s.w.s.m.m.a.RequestMappingHandlerAdapter : Looking for @ControllerAdvice: org.springframework.web.context.support.GenericWebApplicationContext@7f4b64c0: startup date [Wed May 11 08:34:21 CDT 2016]; root of context hierarchy
2016-05-11 08:34:23.636  INFO 11199 --- [    Test worker] s.w.s.m.m.a.RequestMappingHandlerMapping : Mapped "{[/]}" onto public java.lang.String readinglist.TestController.Hello()
2016-05-11 08:34:23.637  INFO 11199 --- [    Test worker] s.w.s.m.m.a.RequestMappingHandlerMapping : Mapped "{[/test]}" onto public java.lang.String readinglist.TestController.HelloTest()
2016-05-11 08:34:23.638  INFO 11199 --- [    Test worker] s.w.s.m.m.a.RequestMappingHandlerMapping : Mapped "{[/error]}" onto public org.springframework.http.ResponseEntity<java.util.Map<java.lang.String, java.lang.Object>> org.springframework.boot.autoconfigure.web.BasicErrorController.error(javax.servlet.http.HttpServletRequest)
2016-05-11 08:34:23.638  INFO 11199 --- [    Test worker] s.w.s.m.m.a.RequestMappingHandlerMapping : Mapped "{[/error],produces=[text/html]}" onto public org.springframework.web.servlet.ModelAndView org.springframework.boot.autoconfigure.web.BasicErrorController.errorHtml(javax.servlet.http.HttpServletRequest,javax.servlet.http.HttpServletResponse)
2016-05-11 08:34:23.654  INFO 11199 --- [    Test worker] o.s.w.s.handler.SimpleUrlHandlerMapping  : Mapped URL path [/webjars/**] onto handler of type [class org.springframework.web.servlet.resource.ResourceHttpRequestHandler]
2016-05-11 08:34:23.654  INFO 11199 --- [    Test worker] o.s.w.s.handler.SimpleUrlHandlerMapping  : Mapped URL path [/**] onto handler of type [class org.springframework.web.servlet.resource.ResourceHttpRequestHandler]
2016-05-11 08:34:23.675  INFO 11199 --- [    Test worker] o.s.w.s.handler.SimpleUrlHandlerMapping  : Mapped URL path [/**/favicon.ico] onto handler of type [class org.springframework.web.servlet.resource.ResourceHttpRequestHandler]
2016-05-11 08:34:24.006  INFO 11199 --- [    Test worker] readinglist.ReadingListApplicationTests  : Started ReadingListApplicationTests in 2.324 seconds (JVM running for 2.852)
]]></system-out>
  <system-err><![CDATA[]]></system-err>
</testsuite>
