<?xml version="1.0" encoding="UTF-8"?>
<testsuite name="readinglist.ReadingListApplicationTests" tests="1" skipped="0" failures="0" errors="0" timestamp="2016-05-12T16:30:17" hostname="iMac.local" time="0.002">
  <properties/>
  <testcase name="contextLoads" classname="readinglist.ReadingListApplicationTests" time="0.002"/>
  <system-out><![CDATA[11:30:15.352 [Test worker] DEBUG org.springframework.test.context.junit4.SpringJUnit4ClassRunner - SpringJUnit4ClassRunner constructor called with [class readinglist.ReadingListApplicationTests]
11:30:15.354 [Test worker] DEBUG org.springframework.test.context.BootstrapUtils - Instantiating CacheAwareContextLoaderDelegate from class [org.springframework.test.context.cache.DefaultCacheAwareContextLoaderDelegate]
11:30:15.357 [Test worker] DEBUG org.springframework.test.context.BootstrapUtils - Instantiating BootstrapContext using constructor [public org.springframework.test.context.support.DefaultBootstrapContext(java.lang.Class,org.springframework.test.context.CacheAwareContextLoaderDelegate)]
11:30:15.364 [Test worker] DEBUG org.springframework.test.context.BootstrapUtils - Instantiating TestContextBootstrapper for test class [readinglist.ReadingListApplicationTests] from class [org.springframework.test.context.web.WebTestContextBootstrapper]
11:30:15.375 [Test worker] DEBUG org.springframework.test.context.web.WebTestContextBootstrapper - Found explicit ContextLoader class [org.springframework.boot.test.SpringApplicationContextLoader] for context configuration attributes [ContextConfigurationAttributes@22e1a235 declaringClass = 'readinglist.ReadingListApplicationTests', classes = '{class readinglist.ReadingListApplication}', locations = '{}', inheritLocations = true, initializers = '{}', inheritInitializers = true, name = [null], contextLoaderClass = 'org.springframework.boot.test.SpringApplicationContextLoader']
11:30:15.379 [Test worker] DEBUG org.springframework.test.context.support.AbstractContextLoader - Did not detect default resource location for test class [readinglist.ReadingListApplicationTests]: class path resource [readinglist/ReadingListApplicationTests-context.xml] does not exist
11:30:15.380 [Test worker] DEBUG org.springframework.test.context.support.AbstractContextLoader - Did not detect default resource location for test class [readinglist.ReadingListApplicationTests]: class path resource [readinglist/ReadingListApplicationTestsContext.groovy] does not exist
11:30:15.380 [Test worker] INFO org.springframework.test.context.support.AbstractContextLoader - Could not detect default resource locations for test class [readinglist.ReadingListApplicationTests]: no resource found for suffixes {-context.xml, Context.groovy}.
11:30:15.381 [Test worker] DEBUG org.springframework.test.context.support.ActiveProfilesUtils - Could not find an 'annotation declaring class' for annotation type [org.springframework.test.context.ActiveProfiles] and class [readinglist.ReadingListApplicationTests]
11:30:15.383 [Test worker] DEBUG org.springframework.test.context.web.WebTestContextBootstrapper - @TestExecutionListeners is not present for class [readinglist.ReadingListApplicationTests]: using defaults.
11:30:15.387 [Test worker] INFO org.springframework.test.context.web.WebTestContextBootstrapper - Loaded default TestExecutionListener class names from location [META-INF/spring.factories]: [org.springframework.test.context.web.ServletTestExecutionListener, org.springframework.test.context.support.DirtiesContextBeforeModesTestExecutionListener, org.springframework.test.context.support.DependencyInjectionTestExecutionListener, org.springframework.test.context.support.DirtiesContextTestExecutionListener, org.springframework.test.context.transaction.TransactionalTestExecutionListener, org.springframework.test.context.jdbc.SqlScriptsTestExecutionListener]
11:30:15.396 [Test worker] INFO org.springframework.test.context.web.WebTestContextBootstrapper - Using TestExecutionListeners: [org.springframework.test.context.web.ServletTestExecutionListener@3210b45c, org.springframework.test.context.support.DirtiesContextBeforeModesTestExecutionListener@1ac8c0f, org.springframework.test.context.support.DependencyInjectionTestExecutionListener@3a3c766c, org.springframework.test.context.support.DirtiesContextTestExecutionListener@6d9646bb, org.springframework.test.context.transaction.TransactionalTestExecutionListener@5a13bd01, org.springframework.test.context.jdbc.SqlScriptsTestExecutionListener@3fba9eb8]
11:30:15.398 [Test worker] DEBUG org.springframework.test.annotation.ProfileValueUtils - Retrieved @ProfileValueSourceConfiguration [null] for test class [readinglist.ReadingListApplicationTests]
11:30:15.399 [Test worker] DEBUG org.springframework.test.annotation.ProfileValueUtils - Retrieved ProfileValueSource type [class org.springframework.test.annotation.SystemProfileValueSource] for class [readinglist.ReadingListApplicationTests]
11:30:15.399 [Test worker] DEBUG org.springframework.test.annotation.ProfileValueUtils - Retrieved @ProfileValueSourceConfiguration [null] for test class [readinglist.ReadingListApplicationTests]
11:30:15.399 [Test worker] DEBUG org.springframework.test.annotation.ProfileValueUtils - Retrieved ProfileValueSource type [class org.springframework.test.annotation.SystemProfileValueSource] for class [readinglist.ReadingListApplicationTests]
11:30:15.401 [Test worker] DEBUG org.springframework.test.context.support.AbstractDirtiesContextTestExecutionListener - Before test class: context [DefaultTestContext@69f7b4f0 testClass = ReadingListApplicationTests, testInstance = [null], testMethod = [null], testException = [null], mergedContextConfiguration = [WebMergedContextConfiguration@60379c60 testClass = ReadingListApplicationTests, locations = '{}', classes = '{class readinglist.ReadingListApplication}', contextInitializerClasses = '[]', activeProfiles = '{}', propertySourceLocations = '{}', propertySourceProperties = '{}', resourceBasePath = 'src/main/webapp', contextLoader = 'org.springframework.boot.test.SpringApplicationContextLoader', parent = [null]]], class annotated with @DirtiesContext [false] with mode [null].
11:30:15.402 [Test worker] DEBUG org.springframework.test.annotation.ProfileValueUtils - Retrieved @ProfileValueSourceConfiguration [null] for test class [readinglist.ReadingListApplicationTests]
11:30:15.402 [Test worker] DEBUG org.springframework.test.annotation.ProfileValueUtils - Retrieved ProfileValueSource type [class org.springframework.test.annotation.SystemProfileValueSource] for class [readinglist.ReadingListApplicationTests]
11:30:15.445 [Test worker] DEBUG org.springframework.core.env.StandardEnvironment - Adding [systemProperties] PropertySource with lowest search precedence
11:30:15.446 [Test worker] DEBUG org.springframework.core.env.StandardEnvironment - Adding [systemEnvironment] PropertySource with lowest search precedence
11:30:15.446 [Test worker] DEBUG org.springframework.core.env.StandardEnvironment - Initialized StandardEnvironment with PropertySources [systemProperties,systemEnvironment]
11:30:15.447 [Test worker] DEBUG org.springframework.core.env.StandardEnvironment - Adding [integrationTest] PropertySource with search precedence immediately lower than [systemEnvironment]

  .   ____          _            __ _ _
 /\\ / ___'_ __ _ _(_)_ __  __ _ \ \ \ \
( ( )\___ | '_ | '_| | '_ \/ _` | \ \ \ \
 \\/  ___)| |_)| | | | | || (_| |  ) ) ) )
  '  |____| .__|_| |_|_| |_\__, | / / / /
 =========|_|==============|___/=/_/_/_/
 :: Spring Boot ::        (v1.3.5.RELEASE)

2016-05-12 11:30:15.583  INFO 16769 --- [    Test worker] readinglist.ReadingListApplicationTests  : Starting ReadingListApplicationTests on iMac.local with PID 16769 (/Users/pivotal/workspace/books/build/classes/test started by pivotal in /Users/pivotal/workspace/books)
2016-05-12 11:30:15.584  INFO 16769 --- [    Test worker] readinglist.ReadingListApplicationTests  : No active profile set, falling back to default profiles: default
2016-05-12 11:30:15.742  INFO 16769 --- [    Test worker] o.s.w.c.s.GenericWebApplicationContext   : Refreshing org.springframework.web.context.support.GenericWebApplicationContext@e1dbcf7: startup date [Thu May 12 11:30:15 CDT 2016]; root of context hierarchy
2016-05-12 11:30:16.874  INFO 16769 --- [    Test worker] s.w.s.m.m.a.RequestMappingHandlerAdapter : Looking for @ControllerAdvice: org.springframework.web.context.support.GenericWebApplicationContext@e1dbcf7: startup date [Thu May 12 11:30:15 CDT 2016]; root of context hierarchy
2016-05-12 11:30:16.917  INFO 16769 --- [    Test worker] s.w.s.m.m.a.RequestMappingHandlerMapping : Mapped "{[/readinglist],methods=[GET]}" onto public java.lang.String readinglist.ReadingListController.homePage(org.springframework.ui.Model)
2016-05-12 11:30:16.917  INFO 16769 --- [    Test worker] s.w.s.m.m.a.RequestMappingHandlerMapping : Mapped "{[/readinglist/{reader}],methods=[GET]}" onto public java.lang.String readinglist.ReadingListController.readersBooks(java.lang.String,org.springframework.ui.Model)
2016-05-12 11:30:16.918  INFO 16769 --- [    Test worker] s.w.s.m.m.a.RequestMappingHandlerMapping : Mapped "{[/readinglist/isbn/{isbn}],methods=[GET]}" onto public java.lang.String readinglist.ReadingListController.readersBooksByIsbn(java.lang.String,org.springframework.ui.Model)
2016-05-12 11:30:16.918  INFO 16769 --- [    Test worker] s.w.s.m.m.a.RequestMappingHandlerMapping : Mapped "{[/readinglist/{reader}],methods=[POST]}" onto public java.lang.String readinglist.ReadingListController.addToReadingList(java.lang.String,readinglist.Book)
2016-05-12 11:30:16.919  INFO 16769 --- [    Test worker] s.w.s.m.m.a.RequestMappingHandlerMapping : Mapped "{[/error]}" onto public org.springframework.http.ResponseEntity<java.util.Map<java.lang.String, java.lang.Object>> org.springframework.boot.autoconfigure.web.BasicErrorController.error(javax.servlet.http.HttpServletRequest)
2016-05-12 11:30:16.919  INFO 16769 --- [    Test worker] s.w.s.m.m.a.RequestMappingHandlerMapping : Mapped "{[/error],produces=[text/html]}" onto public org.springframework.web.servlet.ModelAndView org.springframework.boot.autoconfigure.web.BasicErrorController.errorHtml(javax.servlet.http.HttpServletRequest,javax.servlet.http.HttpServletResponse)
2016-05-12 11:30:16.933  INFO 16769 --- [    Test worker] o.s.w.s.handler.SimpleUrlHandlerMapping  : Mapped URL path [/webjars/**] onto handler of type [class org.springframework.web.servlet.resource.ResourceHttpRequestHandler]
2016-05-12 11:30:16.933  INFO 16769 --- [    Test worker] o.s.w.s.handler.SimpleUrlHandlerMapping  : Mapped URL path [/**] onto handler of type [class org.springframework.web.servlet.resource.ResourceHttpRequestHandler]
2016-05-12 11:30:16.953  INFO 16769 --- [    Test worker] o.s.w.s.handler.SimpleUrlHandlerMapping  : Mapped URL path [/**/favicon.ico] onto handler of type [class org.springframework.web.servlet.resource.ResourceHttpRequestHandler]
2016-05-12 11:30:17.278  INFO 16769 --- [    Test worker] readinglist.ReadingListApplicationTests  : Started ReadingListApplicationTests in 1.825 seconds (JVM running for 2.383)
]]></system-out>
  <system-err><![CDATA[]]></system-err>
</testsuite>
